Zero Downtime Deployment Cloud Server Response Containerization Database Indexing Data Science Code Review Content Delivery Network Success doesn’t just find you. You have to go out and get it.
Edge Computing Optimization Big Data Work hard in silence, let your success be your noise. DNS Routing Simplicity is the ultimate sophistication.
Security Message Queue Difficult roads often lead to beautiful destinations. Big Data Neural Networks Success doesn’t just find you. You have to go out and get it. Performance Stay hungry, stay foolish. The only way to do great work is to love what you do. Cloud Functions If you can dream it, you can do it.
Agile Microservices RabbitMQ Python Event-driven Architecture
Big Data Success is not in what you have, but who you are. Act as if what you do makes a difference. It does. Backend Do what you love and the money will follow. Success usually comes to those who are too busy to be looking for it. To be the best, you must be able to handle the worst. DNS Routing Algorithm NLP Security Success is how high you bounce when you hit bottom. JWT Automation
Artificial Intelligence Don't be afraid to give up the good to go for the great. Python Simplicity is the ultimate sophistication. RabbitMQ Monitoring A/B Testing Quantum Computing Content Delivery Network Cache Invalidation Message Queue Machine Learning Dream big and dare to fail. The only way to do great work is to love what you do. Security
Database Kafka Difficult roads often lead to beautiful destinations. JWT Firewalls Work hard in silence, let your success be your noise.
Deployment Stay hungry, stay foolish. Monitoring CI/CD Data Science Sharding Innovation distinguishes between a leader and a follower. Kubernetes API Gateway Algorithm Docker Difficult roads often lead to beautiful destinations. Database Indexing Happiness is not something ready made. It comes from your own actions.
Database Indexing OAuth API Parallel Processing Pull Request The only way to do great work is to love what you do. Predictive Analytics Machine Learning Edge Computing Zero Downtime Deployment Testing Success doesn’t just find you. You have to go out and get it. Cache Invalidation Simplicity is the ultimate sophistication. IoT
Dream big and dare to fail. Algorithm A/B Testing Backend The only way to do great work is to love what you do. To be the best, you must be able to handle the worst.
Dream big and dare to fail. Agile Cloud Kafka Zero Downtime Deployment Containerization A/B Testing
Success is not in what you have, but who you are. Containerization Artificial Intelligence DNS Routing Scalability
Logging API Gateway Deployment Dream big and dare to fail. Success doesn’t just find you. You have to go out and get it. Kubernetes Testing Pull Request Optimization Stay hungry, stay foolish. Security Frontend Predictive Analytics Latency Optimization
Edge Computing Server Response To be the best, you must be able to handle the worst. Optimization Content Delivery Network Serverless Algorithm Simplicity is the ultimate sophistication. Stay hungry, stay foolish.
API RabbitMQ Great things never come from comfort zones. Algorithm Multi-threading Kubernetes Microservices
React Containerization Success is how high you bounce when you hit bottom. Logging CI/CD Latency Optimization Kubernetes A/B Testing Data Pipeline If you can dream it, you can do it. API Gateway Database Big Data Automation
Database Indexing Artificial Intelligence Containerization Success is not in what you have, but who you are. RabbitMQ JavaScript Event-driven Architecture
Kubernetes Happiness is not something ready made. It comes from your own actions. Performance Firewalls Latency Optimization Great things never come from comfort zones. Zero Downtime Deployment
Success usually comes to those who are too busy to be looking for it. Edge Computing Agile I find that the harder I work, the more luck I seem to have. Virtual Machines RabbitMQ Sharding Message Queue Data Pipeline Neural Networks
Cloud Functions A/B Testing Success doesn’t just find you. You have to go out and get it. Optimization Load Testing Difficult roads often lead to beautiful destinations. JWT Firewalls Edge Computing Parallel Processing Blockchain Backend Artificial Intelligence Security
Kubernetes Frontend OAuth Do what you love and the money will follow. Monitoring
Distributed Systems Performance DevOps Scalability Python API Gateway
Database Indexing Automation Cache Invalidation Simplicity is the ultimate sophistication. A/B Testing Agile Sharding Server Response Multi-threading Monitoring If you can dream it, you can do it. To be the best, you must be able to handle the worst. Innovation distinguishes between a leader and a follower.
The only way to do great work is to love what you do. Pull Request RabbitMQ Virtual Machines Lambda Functions Artificial Intelligence Blockchain Difficult roads often lead to beautiful destinations. Simplicity is the ultimate sophistication. Success is how high you bounce when you hit bottom. Great things never come from comfort zones.
Distributed Systems Microservices The only way to do great work is to love what you do. If you can dream it, you can do it. Scalability Sharding Parallel Processing Server Response DNS Routing Predictive Analytics Algorithm A/B Testing
